mode: set
github.com/codecrafters-io/http-server-starter-go/app/encoding.go:20.45,22.9 2 1
github.com/codecrafters-io/http-server-starter-go/app/encoding.go:22.9,24.3 1 1
github.com/codecrafters-io/http-server-starter-go/app/encoding.go:25.2,26.30 2 1
github.com/codecrafters-io/http-server-starter-go/app/encoding.go:26.30,28.12 2 1
github.com/codecrafters-io/http-server-starter-go/app/encoding.go:29.21,30.27 1 1
github.com/codecrafters-io/http-server-starter-go/app/encoding.go:33.2,33.12 1 1
github.com/codecrafters-io/http-server-starter-go/app/encoding.go:38.36,40.2 1 1
github.com/codecrafters-io/http-server-starter-go/app/encoding.go:42.56,45.38 3 1
github.com/codecrafters-io/http-server-starter-go/app/encoding.go:45.38,47.3 1 0
github.com/codecrafters-io/http-server-starter-go/app/encoding.go:48.2,48.34 1 1
github.com/codecrafters-io/http-server-starter-go/app/encoding.go:48.34,50.3 1 0
github.com/codecrafters-io/http-server-starter-go/app/encoding.go:51.2,51.25 1 1
github.com/codecrafters-io/http-server-starter-go/app/encoding.go:54.56,56.16 2 1
github.com/codecrafters-io/http-server-starter-go/app/encoding.go:56.16,58.3 1 1
github.com/codecrafters-io/http-server-starter-go/app/encoding.go:59.2,59.15 1 1
github.com/codecrafters-io/http-server-starter-go/app/encoding.go:59.15,60.35 1 1
github.com/codecrafters-io/http-server-starter-go/app/encoding.go:60.35,62.4 1 0
github.com/codecrafters-io/http-server-starter-go/app/encoding.go:65.2,66.43 2 1
github.com/codecrafters-io/http-server-starter-go/app/encoding.go:66.43,68.3 1 0
github.com/codecrafters-io/http-server-starter-go/app/encoding.go:69.2,69.25 1 1
github.com/codecrafters-io/http-server-starter-go/app/handlers.go:15.76,17.2 1 1
github.com/codecrafters-io/http-server-starter-go/app/handlers.go:19.83,21.2 1 1
github.com/codecrafters-io/http-server-starter-go/app/handlers.go:23.78,29.20 5 1
github.com/codecrafters-io/http-server-starter-go/app/handlers.go:29.20,31.17 2 1
github.com/codecrafters-io/http-server-starter-go/app/handlers.go:31.17,34.4 2 0
github.com/codecrafters-io/http-server-starter-go/app/handlers.go:35.3,36.58 2 1
github.com/codecrafters-io/http-server-starter-go/app/handlers.go:39.2,39.54 1 1
github.com/codecrafters-io/http-server-starter-go/app/handlers.go:42.83,47.2 4 1
github.com/codecrafters-io/http-server-starter-go/app/handlers.go:49.79,52.24 3 1
github.com/codecrafters-io/http-server-starter-go/app/handlers.go:52.24,54.3 1 1
github.com/codecrafters-io/http-server-starter-go/app/handlers.go:54.8,54.23 1 1
github.com/codecrafters-io/http-server-starter-go/app/handlers.go:54.23,58.3 3 1
github.com/codecrafters-io/http-server-starter-go/app/handlers.go:59.2,61.59 3 1
github.com/codecrafters-io/http-server-starter-go/app/handlers.go:64.80,66.82 2 1
github.com/codecrafters-io/http-server-starter-go/app/handlers.go:66.82,70.3 3 1
github.com/codecrafters-io/http-server-starter-go/app/handlers.go:71.2,71.53 1 1
github.com/codecrafters-io/http-server-starter-go/app/http.go:35.53,41.33 3 1
github.com/codecrafters-io/http-server-starter-go/app/http.go:41.33,44.3 2 1
github.com/codecrafters-io/http-server-starter-go/app/http.go:46.2,46.10 1 1
github.com/codecrafters-io/http-server-starter-go/app/http.go:51.47,52.23 1 1
github.com/codecrafters-io/http-server-starter-go/app/http.go:52.23,53.31 1 1
github.com/codecrafters-io/http-server-starter-go/app/http.go:53.31,55.4 1 1
github.com/codecrafters-io/http-server-starter-go/app/http.go:57.2,57.18 1 1
github.com/codecrafters-io/http-server-starter-go/app/http.go:60.35,61.13 1 1
github.com/codecrafters-io/http-server-starter-go/app/http.go:61.13,63.3 1 0
github.com/codecrafters-io/http-server-starter-go/app/http.go:63.8,63.20 1 1
github.com/codecrafters-io/http-server-starter-go/app/http.go:63.20,66.3 2 1
github.com/codecrafters-io/http-server-starter-go/app/http.go:68.2,69.20 2 1
github.com/codecrafters-io/http-server-starter-go/app/http.go:69.20,70.31 1 1
github.com/codecrafters-io/http-server-starter-go/app/http.go:70.31,73.4 2 1
github.com/codecrafters-io/http-server-starter-go/app/http.go:75.2,75.35 1 1
github.com/codecrafters-io/http-server-starter-go/app/http.go:78.40,83.39 3 1
github.com/codecrafters-io/http-server-starter-go/app/http.go:83.39,85.3 1 1
github.com/codecrafters-io/http-server-starter-go/app/http.go:87.2,88.23 2 1
github.com/codecrafters-io/http-server-starter-go/app/http.go:88.23,90.3 1 0
github.com/codecrafters-io/http-server-starter-go/app/http.go:92.2,97.22 4 1
github.com/codecrafters-io/http-server-starter-go/app/http.go:97.22,99.3 1 1
github.com/codecrafters-io/http-server-starter-go/app/http.go:100.2,100.44 1 1
github.com/codecrafters-io/http-server-starter-go/app/http.go:100.44,101.18 1 1
github.com/codecrafters-io/http-server-starter-go/app/http.go:101.18,102.12 1 1
github.com/codecrafters-io/http-server-starter-go/app/http.go:104.3,105.18 2 1
github.com/codecrafters-io/http-server-starter-go/app/http.go:105.18,107.12 1 1
github.com/codecrafters-io/http-server-starter-go/app/http.go:109.3,110.60 2 1
github.com/codecrafters-io/http-server-starter-go/app/http.go:114.2,116.12 2 1
github.com/codecrafters-io/http-server-starter-go/app/http.go:119.35,121.30 2 1
github.com/codecrafters-io/http-server-starter-go/app/http.go:121.30,123.3 1 1
github.com/codecrafters-io/http-server-starter-go/app/http.go:124.2,125.10 2 1
github.com/codecrafters-io/http-server-starter-go/app/http.go:128.75,136.20 2 1
github.com/codecrafters-io/http-server-starter-go/app/http.go:136.20,138.3 1 1
github.com/codecrafters-io/http-server-starter-go/app/http.go:142.2,142.71 1 1
github.com/codecrafters-io/http-server-starter-go/app/http.go:142.71,144.3 1 1
github.com/codecrafters-io/http-server-starter-go/app/http.go:146.2,146.28 1 1
github.com/codecrafters-io/http-server-starter-go/app/http.go:146.28,148.3 1 1
github.com/codecrafters-io/http-server-starter-go/app/http.go:150.2,151.20 2 1
github.com/codecrafters-io/http-server-starter-go/app/http.go:151.20,153.3 1 1
github.com/codecrafters-io/http-server-starter-go/app/http.go:155.2,155.46 1 1
github.com/codecrafters-io/http-server-starter-go/app/http.go:155.46,157.3 1 1
github.com/codecrafters-io/http-server-starter-go/app/http.go:159.2,159.12 1 1
github.com/codecrafters-io/http-server-starter-go/app/main.go:14.13,16.16 2 0
github.com/codecrafters-io/http-server-starter-go/app/main.go:16.16,19.3 2 0
github.com/codecrafters-io/http-server-starter-go/app/main.go:21.2,22.9 2 0
github.com/codecrafters-io/http-server-starter-go/app/main.go:22.9,25.3 2 0
github.com/codecrafters-io/http-server-starter-go/app/main.go:27.2,43.39 14 0
github.com/codecrafters-io/http-server-starter-go/app/main.go:43.39,45.3 1 0
github.com/codecrafters-io/http-server-starter-go/app/server.go:27.92,34.2 2 1
github.com/codecrafters-io/http-server-starter-go/app/server.go:36.77,38.2 1 1
github.com/codecrafters-io/http-server-starter-go/app/server.go:40.78,41.29 1 1
github.com/codecrafters-io/http-server-starter-go/app/server.go:41.29,42.72 1 1
github.com/codecrafters-io/http-server-starter-go/app/server.go:42.72,45.4 2 1
github.com/codecrafters-io/http-server-starter-go/app/server.go:47.2,48.38 2 1
github.com/codecrafters-io/http-server-starter-go/app/server.go:51.51,53.31 1 1
github.com/codecrafters-io/http-server-starter-go/app/server.go:53.31,54.10 1 1
github.com/codecrafters-io/http-server-starter-go/app/server.go:55.21,55.21 0 1
github.com/codecrafters-io/http-server-starter-go/app/server.go:56.23,56.23 0 1
github.com/codecrafters-io/http-server-starter-go/app/server.go:58.3,58.44 1 1
github.com/codecrafters-io/http-server-starter-go/app/server.go:61.2,61.6 1 1
github.com/codecrafters-io/http-server-starter-go/app/server.go:61.6,62.10 1 1
github.com/codecrafters-io/http-server-starter-go/app/server.go:63.21,64.20 1 1
github.com/codecrafters-io/http-server-starter-go/app/server.go:65.11,65.11 0 1
github.com/codecrafters-io/http-server-starter-go/app/server.go:69.3,72.17 3 1
github.com/codecrafters-io/http-server-starter-go/app/server.go:72.17,73.62 1 1
github.com/codecrafters-io/http-server-starter-go/app/server.go:73.62,75.13 1 1
github.com/codecrafters-io/http-server-starter-go/app/server.go:78.4,78.37 1 1
github.com/codecrafters-io/http-server-starter-go/app/server.go:78.37,80.5 1 1
github.com/codecrafters-io/http-server-starter-go/app/server.go:82.4,83.12 2 0
github.com/codecrafters-io/http-server-starter-go/app/server.go:86.3,86.26 1 0
github.com/codecrafters-io/http-server-starter-go/app/server.go:86.26,87.45 1 0
github.com/codecrafters-io/http-server-starter-go/app/server.go:87.45,89.5 1 0
github.com/codecrafters-io/http-server-starter-go/app/server.go:94.50,100.6 3 0
github.com/codecrafters-io/http-server-starter-go/app/server.go:100.6,102.76 1 0
github.com/codecrafters-io/http-server-starter-go/app/server.go:102.76,104.9 2 0
github.com/codecrafters-io/http-server-starter-go/app/server.go:107.3,109.17 3 0
github.com/codecrafters-io/http-server-starter-go/app/server.go:109.17,110.61 1 0
github.com/codecrafters-io/http-server-starter-go/app/server.go:110.61,112.10 2 0
github.com/codecrafters-io/http-server-starter-go/app/server.go:114.4,114.53 1 0
github.com/codecrafters-io/http-server-starter-go/app/server.go:117.3,119.37 3 0
github.com/codecrafters-io/http-server-starter-go/app/server.go:119.37,121.4 1 0
github.com/codecrafters-io/http-server-starter-go/app/server.go:123.3,127.49 3 0
github.com/codecrafters-io/http-server-starter-go/app/server.go:127.49,130.4 2 0
github.com/codecrafters-io/http-server-starter-go/app/server.go:131.3,137.32 4 0
github.com/codecrafters-io/http-server-starter-go/app/server.go:137.32,140.4 1 0
github.com/codecrafters-io/http-server-starter-go/app/server.go:140.9,143.4 1 0
github.com/codecrafters-io/http-server-starter-go/app/server.go:145.3,145.17 1 0
github.com/codecrafters-io/http-server-starter-go/app/server.go:145.17,147.9 2 0
github.com/codecrafters-io/http-server-starter-go/app/server.go:150.3,150.59 1 0
github.com/codecrafters-io/http-server-starter-go/app/server.go:153.2,153.12 1 0
